<?xml version='1.0' encoding='UTF-8'?>
<testsuite hostname="FIZZA-HP-EliteBook-840-G2" name="practice.mwTests" tests="1" errors="0" failures="1" skipped="0" time="2.102" timestamp="2021-10-03T15:59:15">
                     <properties>
[...]
</properties>
                     <testcase classname="practice.mwTests" name="SRAM" time="2.102">
                                                 <failure message="assertion failed: verilator command failed on circuit SRam in work dir test_run_dir/SRAM" type="java.lang.AssertionError">java.lang.AssertionError: assertion failed: verilator command failed on circuit SRam in work dir test_run_dir/SRAM
	at scala.Predef$.assert(Predef.scala:223)
	at chisel3.assert$.apply(Assert.scala:70)
	at chiseltest.legacy.backends.verilator.VerilatorExecutive$.start(VerilatorExecutive.scala:111)
	at chiseltest.defaults.package$.createDefaultTester(defaults.scala:24)
	at chiseltest.ChiselScalatestTester$TestBuilder.apply(ChiselScalatestTester.scala:33)
	at practice.mwTests.$anonfun$new$1(SRamTests.scala:18)
	at scala.runtime.java8.JFunction0$mcV$sp.apply(JFunction0$mcV$sp.java:23)
	at org.scalatest.OutcomeOf.outcomeOf(OutcomeOf.scala:85)
	at org.scalatest.OutcomeOf.outcomeOf$(OutcomeOf.scala:83)
	at org.scalatest.OutcomeOf$.outcomeOf(OutcomeOf.scala:104)
	at org.scalatest.Transformer.apply(Transformer.scala:22)
	at org.scalatest.Transformer.apply(Transformer.scala:20)
	at org.scalatest.FreeSpecLike$$anon$1.apply(FreeSpecLike.scala:405)
	at org.scalatest.TestSuite.withFixture(TestSuite.scala:196)
	at org.scalatest.TestSuite.withFixture$(TestSuite.scala:195)
	at practice.mwTests.chiseltest$ChiselScalatestTester$$super$withFixture(SRamTests.scala:15)
	at chiseltest.ChiselScalatestTester.$anonfun$withFixture$1(ChiselScalatestTester.scala:50)
	at scala.util.DynamicVariable.withValue(DynamicVariable.scala:62)
	at chiseltest.ChiselScalatestTester.withFixture(ChiselScalatestTester.scala:50)
	at chiseltest.ChiselScalatestTester.withFixture$(ChiselScalatestTester.scala:47)
	at practice.mwTests.withFixture(SRamTests.scala:15)
	at org.scalatest.FreeSpecLike.invokeWithFixture$1(FreeSpecLike.scala:403)
	at org.scalatest.FreeSpecLike.$anonfun$runTest$1(FreeSpecLike.scala:415)
	at org.scalatest.SuperEngine.runTestImpl(Engine.scala:286)
	at org.scalatest.FreeSpecLike.runTest(FreeSpecLike.scala:415)
	at org.scalatest.FreeSpecLike.runTest$(FreeSpecLike.scala:397)
	at org.scalatest.FreeSpec.runTest(FreeSpec.scala:1739)
	at org.scalatest.FreeSpecLike.$anonfun$runTests$1(FreeSpecLike.scala:474)
	at org.scalatest.SuperEngine.$anonfun$runTestsInBranch$1(Engine.scala:393)
	at scala.collection.immutable.List.foreach(List.scala:431)
	at org.scalatest.SuperEngine.traverseSubNodes$1(Engine.scala:381)
	at org.scalatest.SuperEngine.runTestsInBranch(Engine.scala:376)
	at org.scalatest.SuperEngine.runTestsImpl(Engine.scala:458)
	at org.scalatest.FreeSpecLike.runTests(FreeSpecLike.scala:474)
	at org.scalatest.FreeSpecLike.runTests$(FreeSpecLike.scala:473)
	at org.scalatest.FreeSpec.runTests(FreeSpec.scala:1739)
	at org.scalatest.Suite.run(Suite.scala:1124)
	at org.scalatest.Suite.run$(Suite.scala:1106)
	at org.scalatest.FreeSpec.org$scalatest$FreeSpecLike$$super$run(FreeSpec.scala:1739)
	at org.scalatest.FreeSpecLike.$anonfun$run$1(FreeSpecLike.scala:518)
	at org.scalatest.SuperEngine.runImpl(Engine.scala:518)
	at org.scalatest.FreeSpecLike.run(FreeSpecLike.scala:518)
	at org.scalatest.FreeSpecLike.run$(FreeSpecLike.scala:517)
	at org.scalatest.FreeSpec.run(FreeSpec.scala:1739)
	at org.scalatest.tools.Framework.org$scalatest$tools$Framework$$runSuite(Framework.scala:317)
	at org.scalatest.tools.Framework$ScalaTestTask.execute(Framework.scala:510)
	at sbt.TestRunner.runTest$1(TestFramework.scala:139)
	at sbt.TestRunner.run(TestFramework.scala:154)
	at sbt.TestFramework$$anon$3$$anonfun$$lessinit$greater$1.$anonfun$apply$1(TestFramework.scala:317)
	at sbt.TestFramework$.sbt$TestFramework$$withContextLoader(TestFramework.scala:277)
	at sbt.TestFramework$$anon$3$$anonfun$$lessinit$greater$1.apply(TestFramework.scala:317)
	at sbt.TestFramework$$anon$3$$anonfun$$lessinit$greater$1.apply(TestFramework.scala:317)
	at sbt.TestFunction.apply(TestFramework.scala:329)
	at sbt.Tests$.$anonfun$toTask$1(Tests.scala:422)
	at sbt.std.Transform$$anon$3.$anonfun$apply$2(Transform.scala:46)
	at sbt.std.Transform$$anon$4.work(Transform.scala:68)
	at sbt.Execute.$anonfun$submit$2(Execute.scala:282)
	at sbt.internal.util.ErrorHandling$.wideConvert(ErrorHandling.scala:23)
	at sbt.Execute.work(Execute.scala:291)
	at sbt.Execute.$anonfun$submit$1(Execute.scala:282)
	at sbt.ConcurrentRestrictions$$anon$4.$anonfun$submitValid$1(ConcurrentRestrictions.scala:265)
	at sbt.CompletionService$$anon$2.call(CompletionService.scala:64)
	at java.util.concurrent.FutureTask.run(FutureTask.java:266)
	at java.util.concurrent.Executors$RunnableAdapter.call(Executors.java:511)
	at java.util.concurrent.FutureTask.run(FutureTask.java:266)
	at java.util.concurrent.ThreadPoolExecutor.runWorker(ThreadPoolExecutor.java:1149)
	at java.util.concurrent.ThreadPoolExecutor$Worker.run(ThreadPoolExecutor.java:624)
	at java.lang.Thread.run(Thread.java:748)
</failure>
                                               </testcase>
                     <system-out><![CDATA[]]></system-out>
                     <system-err><![CDATA[]]></system-err>
                   </testsuite>