[0m[[0m[0mdebug[0m] [0m[0m> Exec(testOnly practice.SRamTests -- -DwriteVcd=1, Some(80466c02-5d2f-44dc-82af-a62b65903260), Some(CommandSource(console0)))[0m
[0m[[0m[0mdebug[0m] [0m[0mEvaluating tasks: Test / testOnly[0m
[0m[[0m[0mdebug[0m] [0m[0mRunning task... Cancel: Signal, check cycles: false, forcegc: true[0m
[0m[[0m[0minfo[0m] [0m[0mcompiling 1 Scala source to /home/fizza/BlackBocx-/target/scala-2.12/classes ...[0m
[0m[[0m[33mwarn[0m] [0m[0m/home/fizza/BlackBocx-/src/main/scala/practice/SRam.scala:31:7: Generated class practice.SRam differs only in case from practice.sram.[0m
[0m[[0m[33mwarn[0m] [0m[0m  Such classes will overwrite one another on case-insensitive filesystems.[0m
[0m[[0m[33mwarn[0m] [0m[0mclass SRam extends Module{[0m
[0m[[0m[33mwarn[0m] [0m[0m      ^[0m
[0m[[0m[33mwarn[0m] [0m[0mone warning found[0m
[0m[[0m[0minfo[0m] [0m[0m[32mSRamTests:[0m[0m
[0m[[0m[0minfo[0m] [0m[0m[31m- sram *** FAILED ***[0m[0m
[0m[[0m[0minfo[0m] [0m[0m[31m  java.lang.AssertionError: assertion failed: verilator command failed on circuit SRam in work dir test_run_dir/sram[0m[0m
[0m[[0m[0minfo[0m] [0m[0m[31m  at scala.Predef$.assert(Predef.scala:223)[0m[0m
[0m[[0m[0minfo[0m] [0m[0m[31m  at chisel3.assert$.apply(Assert.scala:70)[0m[0m
[0m[[0m[0minfo[0m] [0m[0m[31m  at chiseltest.legacy.backends.verilator.VerilatorExecutive$.start(VerilatorExecutive.scala:111)[0m[0m
[0m[[0m[0minfo[0m] [0m[0m[31m  at chiseltest.defaults.package$.createDefaultTester(defaults.scala:24)[0m[0m
[0m[[0m[0minfo[0m] [0m[0m[31m  at chiseltest.ChiselScalatestTester$TestBuilder.apply(ChiselScalatestTester.scala:33)[0m[0m
[0m[[0m[0minfo[0m] [0m[0m[31m  at practice.SRamTests.$anonfun$new$1(SRamTests.scala:18)[0m[0m
[0m[[0m[0minfo[0m] [0m[0m[31m  at scala.runtime.java8.JFunction0$mcV$sp.apply(JFunction0$mcV$sp.java:23)[0m[0m
[0m[[0m[0minfo[0m] [0m[0m[31m  at org.scalatest.OutcomeOf.outcomeOf(OutcomeOf.scala:85)[0m[0m
[0m[[0m[0minfo[0m] [0m[0m[31m  at org.scalatest.OutcomeOf.outcomeOf$(OutcomeOf.scala:83)[0m[0m
[0m[[0m[0minfo[0m] [0m[0m[31m  at org.scalatest.OutcomeOf$.outcomeOf(OutcomeOf.scala:104)[0m[0m
[0m[[0m[0minfo[0m] [0m[0m[31m  ...[0m[0m
[0m[[0m[0minfo[0m] [0m[0m[36mRun completed in 2 seconds, 21 milliseconds.[0m[0m
[0m[[0m[0minfo[0m] [0m[0m[36mTotal number of tests run: 1[0m[0m
[0m[[0m[0minfo[0m] [0m[0m[36mSuites: completed 1, aborted 0[0m[0m
[0m[[0m[0minfo[0m] [0m[0m[36mTests: succeeded 0, failed 1, canceled 0, ignored 0, pending 0[0m[0m
[0m[[0m[0minfo[0m] [0m[0m[31m*** 1 TEST FAILED ***[0m[0m
[0m[[0m[31merror[0m] [0m[0mFailed tests:[0m
[0m[[0m[31merror[0m] [0m[0m	practice.SRamTests[0m
[0m[[0m[31merror[0m] [0m[0m(Test / [31mtestOnly[0m) sbt.TestsFailedException: Tests unsuccessful[0m
[0m[[0m[31merror[0m] [0m[0mTotal time: 4 s, completed Oct 3, 2021 1:08:33 PM[0m
[0m[[0m[0mdebug[0m] [0m[0m> Exec(shell, None, None)[0m
